[info] Log at : 2026/3/20|14:31:52|GMT+0800

[info] Log at : 2026/3/20|14:33:51|GMT+0800

[info] Log at : 2026/3/20|16:37:57|GMT+0800

[info] Log at : 2026/3/20|21:33:06|GMT+0800

[info] Log at : 2026/3/21|13:37:09|GMT+0800

[info] Log at : 2026/3/21|17:24:47|GMT+0800

[info] Log at : 2026/3/22|12:40:44|GMT+0800

[info] Log at : 2026/3/22|19:06:02|GMT+0800

[info] Log at : 2026/3/23|13:09:26|GMT+0800

[info] Log at : 2026/3/24|12:04:22|GMT+0800

[info] Log at : 2026/3/24|15:23:58|GMT+0800

[info] Log at : 2026/3/25|13:18:20|GMT+0800

[info] Log at : 2026/3/25|13:19:53|GMT+0800

[info] Log at : 2026/3/25|13:20:56|GMT+0800

[info] Log at : 2026/3/26|13:19:37|GMT+0800

[info] Log at : 2026/4/1|11:25:23|GMT+0800

[info] Log at : 2026/4/1|14:17:01|GMT+0800

[info] Log at : 2026/4/2|12:59:01|GMT+0800

[info] Log at : 2026/4/2|13:01:56|GMT+0800

[info] Log at : 2026/4/3|15:46:08|GMT+0800

[info] Log at : 2026/4/3|15:49:30|GMT+0800

[info] Log at : 2026/4/3|15:51:02|GMT+0800

[info] Log at : 2026/4/4|13:11:32|GMT+0800

[info] Log at : 2026/4/7|17:10:23|GMT+0800

[info] Log at : 2026/4/7|17:48:52|GMT+0800

[info] Log at : 2026/4/8|12:53:34|GMT+0800

[SyntaxError: Unexpected token ']', ..."          ],
       "... is not valid JSON
	at JSON.parse (<anonymous>)
	at F.updateCppProperties (c:\Users\86159\.vscode\extensions\cl.keil-assistant-1.7.0\dist\extension.js:1:10849)
	at F.<anonymous> (c:\Users\86159\.vscode\extensions\cl.keil-assistant-1.7.0\dist\extension.js:1:12579)
	at Generator.next (<anonymous>)
	at c:\Users\86159\.vscode\extensions\cl.keil-assistant-1.7.0\dist\extension.js:1:4480
	at new Promise (<anonymous>)
	at r (c:\Users\86159\.vscode\extensions\cl.keil-assistant-1.7.0\dist\extension.js:1:4225)
	at F.load (c:\Users\86159\.vscode\extensions\cl.keil-assistant-1.7.0\dist\extension.js:1:11310)
	at w.<anonymous> (c:\Users\86159\.vscode\extensions\cl.keil-assistant-1.7.0\dist\extension.js:1:8737)
	at Generator.next (<anonymous>)
	at a (c:\Users\86159\.vscode\extensions\cl.keil-assistant-1.7.0\dist\extension.js:1:4282)
	at process.processTicksAndRejections (node:internal/process/task_queues:103:5)]
[SyntaxError: Unexpected token ']', ..."          ],
       "... is not valid JSON
	at JSON.parse (<anonymous>)
	at F.updateCppProperties (c:\Users\86159\.vscode\extensions\cl.keil-assistant-1.7.0\dist\extension.js:1:10849)
	at F.<anonymous> (c:\Users\86159\.vscode\extensions\cl.keil-assistant-1.7.0\dist\extension.js:1:12579)
	at Generator.next (<anonymous>)
	at c:\Users\86159\.vscode\extensions\cl.keil-assistant-1.7.0\dist\extension.js:1:4480
	at new Promise (<anonymous>)
	at r (c:\Users\86159\.vscode\extensions\cl.keil-assistant-1.7.0\dist\extension.js:1:4225)
	at F.load (c:\Users\86159\.vscode\extensions\cl.keil-assistant-1.7.0\dist\extension.js:1:11310)
	at w.<anonymous> (c:\Users\86159\.vscode\extensions\cl.keil-assistant-1.7.0\dist\extension.js:1:8737)
	at Generator.next (<anonymous>)
	at a (c:\Users\86159\.vscode\extensions\cl.keil-assistant-1.7.0\dist\extension.js:1:4282)
	at process.processTicksAndRejections (node:internal/process/task_queues:103:5)]
[SyntaxError: Unexpected token ']', ..."          ],
       "... is not valid JSON
	at JSON.parse (<anonymous>)
	at F.updateCppProperties (c:\Users\86159\.vscode\extensions\cl.keil-assistant-1.7.0\dist\extension.js:1:10849)
	at F.<anonymous> (c:\Users\86159\.vscode\extensions\cl.keil-assistant-1.7.0\dist\extension.js:1:12579)
	at Generator.next (<anonymous>)
	at c:\Users\86159\.vscode\extensions\cl.keil-assistant-1.7.0\dist\extension.js:1:4480
	at new Promise (<anonymous>)
	at r (c:\Users\86159\.vscode\extensions\cl.keil-assistant-1.7.0\dist\extension.js:1:4225)
	at F.load (c:\Users\86159\.vscode\extensions\cl.keil-assistant-1.7.0\dist\extension.js:1:11310)
	at w.<anonymous> (c:\Users\86159\.vscode\extensions\cl.keil-assistant-1.7.0\dist\extension.js:1:8737)
	at Generator.next (<anonymous>)
	at a (c:\Users\86159\.vscode\extensions\cl.keil-assistant-1.7.0\dist\extension.js:1:4282)
	at process.processTicksAndRejections (node:internal/process/task_queues:103:5)]
[info] Log at : 2026/4/8|19:30:07|GMT+0800

[info] Log at : 2026/4/9|12:09:58|GMT+0800

[info] Log at : 2026/4/12|13:16:31|GMT+0800

[info] Log at : 2026/4/12|13:24:50|GMT+0800

[info] Log at : 2026/4/12|13:49:54|GMT+0800

[info] Log at : 2026/4/12|17:04:06|GMT+0800

